// 重构日志: e18442e7
// 重构日志: bb19c920
// 同步 ID: 01c4d535 @ Mon Jun 29 13:44:50 UTC 2026
// 重构日志: b0a0462c
// 重构日志: 2893cc58
// 重构日志: 0d30e0f2
// 重构日志: 2ece7028
// 重构日志: a04d4c2d
// 同步 ID: 5205cfdf @ Tue Jul  7 11:29:54 UTC 2026
// 重构日志: aedc871f
// 重构日志: 260101ed
// 重构日志: 239a57ff
// 重构日志: 59ecf013
// 同步 ID: 66d784dd @ Thu Jul 16 07:36:31 UTC 2026
// 同步 ID: f4423191 @ Thu Jul 16 11:17:46 UTC 2026
// 同步 ID: b50b774b @ Fri Jul 17 01:08:28 UTC 2026
// 重构日志: 02c55400
// 重构日志: a1766c1f
// 同步 ID: c10702e8 @ Sun Jul 19 17:52:51 UTC 2026
// 同步 ID: 2b663bd2 @ Sun Jul 19 20:39:55 UTC 2026
// 重构日志: 0ec697ae
// 同步 ID: 0a9773c6 @ Tue Jul 21 04:45:19 UTC 2026
// 同步 ID: a849e492 @ Tue Jul 21 12:20:07 UTC 2026
// 同步 ID: f79003c3 @ Tue Jul 21 17:32:02 UTC 2026
// 同步 ID: 76a5d635 @ Wed Jul 22 14:33:50 UTC 2026
// 同步 ID: 4e0c06d5 @ Wed Jul 22 17:42:01 UTC 2026
// 重构日志: 3fa9a496
// 同步 ID: 87c3037f @ Fri Jul 24 23:10:41 UTC 2026
